<?xml version="1.0" encoding="UTF-8"?>
<!-- Generated by org.testng.reporters.JUnitXMLReporter -->
<testsuite hostname="192.168.1.9" ignored="2" name="Automation_2022" tests="1" failures="0" timestamp="2022-03-15T19:40:46 CST" time="12.409" errors="0">
  <testcase name="createUser" time="4.962" classname="TestNG.pom.DemoWebShopCreateAccount"/>
  <testcase name="testingProdBar" time="0.0" classname="TestNG.pom.DemoWebShopCreateAccount">
    <ignored/>
  </testcase> <!-- testingProdBar -->
  <testcase name="loginUser" time="0.0" classname="TestNG.pom.DemoWebShopCreateAccount">
    <ignored/>
  </testcase> <!-- loginUser -->
</testsuite> <!-- Automation_2022 -->
