<?xml version="1.0" encoding="UTF-8"?>
<!-- Generated by org.testng.reporters.JUnitXMLReporter -->
<testsuite hostname="192.168.1.9" ignored="0" name="Automation_2022" tests="3" failures="0" timestamp="2022-03-15T19:51:36 CST" time="33.31" errors="0">
  <testcase name="createUser" time="6.023" classname="TestNG.pom.DemoWebShopCreateAccount"/>
  <testcase name="loginUser" time="5.248" classname="TestNG.pom.DemoWebShopCreateAccount"/>
  <testcase name="testingProdBar" time="8.502" classname="TestNG.pom.DemoWebShopCreateAccount"/>
</testsuite> <!-- Automation_2022 -->
