<?xml version="1.0" encoding="UTF-8"?>
<!-- Generated by org.testng.reporters.JUnitXMLReporter -->
<testsuite hostname="192.168.1.3" ignored="0" name="TestChrome" tests="4" failures="0" timestamp="2022-06-14T14:12:59 CDT" time="59.793" errors="0">
  <testcase name="createUser" time="5.148" classname="TestNG.pom.DemoWebShopTestCasesChrome"/>
  <testcase name="loginUser" time="5.314" classname="TestNG.pom.DemoWebShopTestCasesChrome"/>
  <testcase name="testingProdBar" time="7.923" classname="TestNG.pom.DemoWebShopTestCasesChrome"/>
  <testcase name="testBooksSectionandDropDowns" time="20.007" classname="TestNG.pom.DemoWebShopTestCasesChrome"/>
</testsuite> <!-- TestChrome -->
