<?xml version="1.0" encoding="UTF-8"?>
<!-- Generated by org.testng.reporters.JUnitXMLReporter -->
<testsuite hostname="192.168.1.3" ignored="0" name="TestEdge" tests="4" failures="0" timestamp="2022-06-14T14:13:04 CDT" time="64.21" errors="0">
  <testcase name="createUser" time="5.034" classname="TestNG.pom.DemoWebShopTestCasesEdge"/>
  <testcase name="loginUser" time="5.308" classname="TestNG.pom.DemoWebShopTestCasesEdge"/>
  <testcase name="testingProdBar" time="8.243" classname="TestNG.pom.DemoWebShopTestCasesEdge"/>
  <testcase name="testBooksSectionandDropDowns" time="19.887" classname="TestNG.pom.DemoWebShopTestCasesEdge"/>
</testsuite> <!-- TestEdge -->
