<?xml version="1.0" encoding="UTF-8"?>
<!-- Generated by org.testng.reporters.JUnitXMLReporter -->
<testsuite hostname="192.168.1.3" ignored="0" name="TestChrome" tests="4" failures="0" timestamp="2022-06-14T14:18:41 CDT" time="61.833" errors="0">
  <testcase name="createUser" time="4.928" classname="TestNG.pom.DemoWebShopTestCasesChrome"/>
  <testcase name="loginUser" time="5.242" classname="TestNG.pom.DemoWebShopTestCasesChrome"/>
  <testcase name="testingProdBar" time="8.273" classname="TestNG.pom.DemoWebShopTestCasesChrome"/>
  <testcase name="testBooksSectionandDropDowns" time="19.894" classname="TestNG.pom.DemoWebShopTestCasesChrome"/>
</testsuite> <!-- TestChrome -->
