<?xml version="1.0" encoding="UTF-8"?>
<!-- Generated by org.testng.reporters.JUnitXMLReporter -->
<testsuite hostname="192.168.1.3" ignored="0" name="TestEdge" tests="4" failures="0" timestamp="2022-06-14T14:18:42 CDT" time="62.025" errors="0">
  <testcase name="createUser" time="5.01" classname="TestNG.pom.DemoWebShopTestCasesEdge"/>
  <testcase name="loginUser" time="5.398" classname="TestNG.pom.DemoWebShopTestCasesEdge"/>
  <testcase name="testingProdBar" time="8.234" classname="TestNG.pom.DemoWebShopTestCasesEdge"/>
  <testcase name="testBooksSectionandDropDowns" time="19.84" classname="TestNG.pom.DemoWebShopTestCasesEdge"/>
</testsuite> <!-- TestEdge -->
