<?xml version="1.0" encoding="UTF-8"?>
<testng-results skipped="0" failed="0" ignored="0" total="8" passed="8">
  <reporter-output>
  </reporter-output>
  <suite name="Suite1" duration-ms="64190" started-at="2022-06-14T17:22:49 CDT" finished-at="2022-06-14T17:23:53 CDT">
    <groups>
    </groups>
    <test name="TestEdge" duration-ms="60869" started-at="2022-06-14T17:22:49 CDT" finished-at="2022-06-14T17:23:49 CDT">
      <class name="TestNG.pom.DemoWebShopTestCasesChrome">
        <test-method status="PASS" signature="configureWebDriver()[pri:0, instance:TestNG.pom.DemoWebShopTestCasesChrome@7e2d773b]" name="configureWebDriver" is-config="true" duration-ms="7" started-at="2022-06-14T17:22:49 CDT" finished-at="2022-06-14T17:22:49 CDT">
          <reporter-output>
          </reporter-output>
        </test-method> <!-- configureWebDriver -->
        <test-method status="PASS" signature="closeConfigureWebDriver()[pri:0, instance:TestNG.pom.DemoWebShopTestCasesChrome@7e2d773b]" name="closeConfigureWebDriver" is-config="true" duration-ms="0" started-at="2022-06-14T17:23:53 CDT" finished-at="2022-06-14T17:23:53 CDT">
          <reporter-output>
          </reporter-output>
        </test-method> <!-- closeConfigureWebDriver -->
      </class> <!-- TestNG.pom.DemoWebShopTestCasesChrome -->
      <class name="TestNG.pom.DemoWebShopTestCasesEdge">
        <test-method status="PASS" signature="configureWebDriver()[pri:0, instance:TestNG.pom.DemoWebShopTestCasesEdge@670b40af]" name="configureWebDriver" is-config="true" duration-ms="0" started-at="2022-06-14T17:22:49 CDT" finished-at="2022-06-14T17:22:49 CDT">
          <reporter-output>
          </reporter-output>
        </test-method> <!-- configureWebDriver -->
        <test-method status="PASS" signature="beforeMethod()[pri:0, instance:TestNG.pom.DemoWebShopTestCasesEdge@670b40af]" name="beforeMethod" is-config="true" duration-ms="5762" started-at="2022-06-14T17:22:49 CDT" finished-at="2022-06-14T17:22:54 CDT">
          <reporter-output>
          </reporter-output>
        </test-method> <!-- beforeMethod -->
        <test-method status="PASS" signature="createUser()[pri:1, instance:TestNG.pom.DemoWebShopTestCasesEdge@670b40af]" name="createUser" duration-ms="5924" started-at="2022-06-14T17:22:54 CDT" finished-at="2022-06-14T17:23:00 CDT">
          <reporter-output>
          </reporter-output>
        </test-method> <!-- createUser -->
        <test-method status="PASS" signature="afterMethod()[pri:0, instance:TestNG.pom.DemoWebShopTestCasesEdge@670b40af]" name="afterMethod" is-config="true" duration-ms="197" started-at="2022-06-14T17:23:00 CDT" finished-at="2022-06-14T17:23:00 CDT">
          <reporter-output>
          </reporter-output>
        </test-method> <!-- afterMethod -->
        <test-method status="PASS" signature="beforeMethod()[pri:0, instance:TestNG.pom.DemoWebShopTestCasesEdge@670b40af]" name="beforeMethod" is-config="true" duration-ms="4821" started-at="2022-06-14T17:23:00 CDT" finished-at="2022-06-14T17:23:05 CDT">
          <reporter-output>
          </reporter-output>
        </test-method> <!-- beforeMethod -->
        <test-method status="PASS" signature="loginUser()[pri:2, instance:TestNG.pom.DemoWebShopTestCasesEdge@670b40af]" name="loginUser" duration-ms="5724" started-at="2022-06-14T17:23:05 CDT" finished-at="2022-06-14T17:23:11 CDT">
          <reporter-output>
          </reporter-output>
        </test-method> <!-- loginUser -->
        <test-method status="PASS" signature="afterMethod()[pri:0, instance:TestNG.pom.DemoWebShopTestCasesEdge@670b40af]" name="afterMethod" is-config="true" duration-ms="225" started-at="2022-06-14T17:23:11 CDT" finished-at="2022-06-14T17:23:11 CDT">
          <reporter-output>
          </reporter-output>
        </test-method> <!-- afterMethod -->
        <test-method status="PASS" signature="beforeMethod()[pri:0, instance:TestNG.pom.DemoWebShopTestCasesEdge@670b40af]" name="beforeMethod" is-config="true" duration-ms="5255" started-at="2022-06-14T17:23:11 CDT" finished-at="2022-06-14T17:23:16 CDT">
          <reporter-output>
          </reporter-output>
        </test-method> <!-- beforeMethod -->
        <test-method status="PASS" signature="testingProdBar()[pri:3, instance:TestNG.pom.DemoWebShopTestCasesEdge@670b40af]" name="testingProdBar" duration-ms="8198" started-at="2022-06-14T17:23:16 CDT" finished-at="2022-06-14T17:23:25 CDT">
          <reporter-output>
          </reporter-output>
        </test-method> <!-- testingProdBar -->
        <test-method status="PASS" signature="afterMethod()[pri:0, instance:TestNG.pom.DemoWebShopTestCasesEdge@670b40af]" name="afterMethod" is-config="true" duration-ms="212" started-at="2022-06-14T17:23:25 CDT" finished-at="2022-06-14T17:23:25 CDT">
          <reporter-output>
          </reporter-output>
        </test-method> <!-- afterMethod -->
        <test-method status="PASS" signature="beforeMethod()[pri:0, instance:TestNG.pom.DemoWebShopTestCasesEdge@670b40af]" name="beforeMethod" is-config="true" duration-ms="4025" started-at="2022-06-14T17:23:25 CDT" finished-at="2022-06-14T17:23:29 CDT">
          <reporter-output>
          </reporter-output>
        </test-method> <!-- beforeMethod -->
        <test-method status="PASS" signature="testBooksSectionandDropDowns()[pri:4, instance:TestNG.pom.DemoWebShopTestCasesEdge@670b40af]" name="testBooksSectionandDropDowns" duration-ms="20211" started-at="2022-06-14T17:23:29 CDT" finished-at="2022-06-14T17:23:49 CDT">
          <reporter-output>
          </reporter-output>
        </test-method> <!-- testBooksSectionandDropDowns -->
        <test-method status="PASS" signature="afterMethod()[pri:0, instance:TestNG.pom.DemoWebShopTestCasesEdge@670b40af]" name="afterMethod" is-config="true" duration-ms="290" started-at="2022-06-14T17:23:49 CDT" finished-at="2022-06-14T17:23:49 CDT">
          <reporter-output>
          </reporter-output>
        </test-method> <!-- afterMethod -->
        <test-method status="PASS" signature="closeConfigureWebDriver()[pri:0, instance:TestNG.pom.DemoWebShopTestCasesEdge@670b40af]" name="closeConfigureWebDriver" is-config="true" duration-ms="0" started-at="2022-06-14T17:23:53 CDT" finished-at="2022-06-14T17:23:53 CDT">
          <reporter-output>
          </reporter-output>
        </test-method> <!-- closeConfigureWebDriver -->
      </class> <!-- TestNG.pom.DemoWebShopTestCasesEdge -->
    </test> <!-- TestEdge -->
    <test name="TestChrome" duration-ms="64190" started-at="2022-06-14T17:22:49 CDT" finished-at="2022-06-14T17:23:53 CDT">
      <class name="TestNG.pom.DemoWebShopTestCasesChrome">
        <test-method status="PASS" signature="beforeMethod()[pri:0, instance:TestNG.pom.DemoWebShopTestCasesChrome@7e2d773b]" name="beforeMethod" is-config="true" duration-ms="5499" started-at="2022-06-14T17:22:49 CDT" finished-at="2022-06-14T17:22:54 CDT">
          <reporter-output>
          </reporter-output>
        </test-method> <!-- beforeMethod -->
        <test-method status="PASS" signature="createUser()[pri:1, instance:TestNG.pom.DemoWebShopTestCasesChrome@7e2d773b]" name="createUser" duration-ms="5679" started-at="2022-06-14T17:22:54 CDT" finished-at="2022-06-14T17:23:00 CDT">
          <reporter-output>
          </reporter-output>
        </test-method> <!-- createUser -->
        <test-method status="PASS" signature="afterMethod()[pri:0, instance:TestNG.pom.DemoWebShopTestCasesChrome@7e2d773b]" name="afterMethod" is-config="true" duration-ms="201" started-at="2022-06-14T17:23:00 CDT" finished-at="2022-06-14T17:23:00 CDT">
          <reporter-output>
          </reporter-output>
        </test-method> <!-- afterMethod -->
        <test-method status="PASS" signature="beforeMethod()[pri:0, instance:TestNG.pom.DemoWebShopTestCasesChrome@7e2d773b]" name="beforeMethod" is-config="true" duration-ms="6805" started-at="2022-06-14T17:23:00 CDT" finished-at="2022-06-14T17:23:07 CDT">
          <reporter-output>
          </reporter-output>
        </test-method> <!-- beforeMethod -->
        <test-method status="PASS" signature="loginUser()[pri:2, instance:TestNG.pom.DemoWebShopTestCasesChrome@7e2d773b]" name="loginUser" duration-ms="5989" started-at="2022-06-14T17:23:07 CDT" finished-at="2022-06-14T17:23:13 CDT">
          <reporter-output>
          </reporter-output>
        </test-method> <!-- loginUser -->
        <test-method status="PASS" signature="afterMethod()[pri:0, instance:TestNG.pom.DemoWebShopTestCasesChrome@7e2d773b]" name="afterMethod" is-config="true" duration-ms="122" started-at="2022-06-14T17:23:13 CDT" finished-at="2022-06-14T17:23:13 CDT">
          <reporter-output>
          </reporter-output>
        </test-method> <!-- afterMethod -->
        <test-method status="PASS" signature="beforeMethod()[pri:0, instance:TestNG.pom.DemoWebShopTestCasesChrome@7e2d773b]" name="beforeMethod" is-config="true" duration-ms="7610" started-at="2022-06-14T17:23:13 CDT" finished-at="2022-06-14T17:23:20 CDT">
          <reporter-output>
          </reporter-output>
        </test-method> <!-- beforeMethod -->
        <test-method status="PASS" signature="testingProdBar()[pri:3, instance:TestNG.pom.DemoWebShopTestCasesChrome@7e2d773b]" name="testingProdBar" duration-ms="8144" started-at="2022-06-14T17:23:20 CDT" finished-at="2022-06-14T17:23:29 CDT">
          <reporter-output>
          </reporter-output>
        </test-method> <!-- testingProdBar -->
        <test-method status="PASS" signature="afterMethod()[pri:0, instance:TestNG.pom.DemoWebShopTestCasesChrome@7e2d773b]" name="afterMethod" is-config="true" duration-ms="200" started-at="2022-06-14T17:23:29 CDT" finished-at="2022-06-14T17:23:29 CDT">
          <reporter-output>
          </reporter-output>
        </test-method> <!-- afterMethod -->
        <test-method status="PASS" signature="beforeMethod()[pri:0, instance:TestNG.pom.DemoWebShopTestCasesChrome@7e2d773b]" name="beforeMethod" is-config="true" duration-ms="3741" started-at="2022-06-14T17:23:29 CDT" finished-at="2022-06-14T17:23:33 CDT">
          <reporter-output>
          </reporter-output>
        </test-method> <!-- beforeMethod -->
        <test-method status="PASS" signature="testBooksSectionandDropDowns()[pri:4, instance:TestNG.pom.DemoWebShopTestCasesChrome@7e2d773b]" name="testBooksSectionandDropDowns" duration-ms="19865" started-at="2022-06-14T17:23:33 CDT" finished-at="2022-06-14T17:23:52 CDT">
          <reporter-output>
          </reporter-output>
        </test-method> <!-- testBooksSectionandDropDowns -->
        <test-method status="PASS" signature="afterMethod()[pri:0, instance:TestNG.pom.DemoWebShopTestCasesChrome@7e2d773b]" name="afterMethod" is-config="true" duration-ms="301" started-at="2022-06-14T17:23:52 CDT" finished-at="2022-06-14T17:23:53 CDT">
          <reporter-output>
          </reporter-output>
        </test-method> <!-- afterMethod -->
      </class> <!-- TestNG.pom.DemoWebShopTestCasesChrome -->
    </test> <!-- TestChrome -->
  </suite> <!-- Suite1 -->
</testng-results>
